<?xml version="1.0" encoding="UTF-8"?>
<testsuite xmlns:xsi="http://www.w3.org/2001/XMLSchema-instance" xsi:noNamespaceSchemaLocation="https://maven.apache.org/surefire/maven-surefire-plugin/xsd/surefire-test-report-3.0.xsd" version="3.0" name="com.project.runtest.TestRunner" time="25.941" tests="3" errors="2" skipped="0" failures="1">
  <properties>
[...]
</properties>
  <testcase name="Open the application and verify the signup page is displayed" classname="Automate Course Navigation and Validation" time="6.156">
    <failure message="Locator expected to contain regex: Sign Up&#10;Received: &lt;element(s) not found&gt;&#10;&#10;Call log:&#10;  - Assert &quot;containsText&quot; with timeout 5000ms&#10;  - waiting for locator(&quot;//h2[text()=&apos;Sign Up&apos;]&quot;)" type="org.opentest4j.AssertionFailedError"><![CDATA[org.opentest4j.AssertionFailedError: 
Locator expected to contain regex: Sign Up
Received: <element(s) not found>

Call log:
  - Assert "containsText" with timeout 5000ms
  - waiting for locator("//h2[text()='Sign Up']")
	at com.microsoft.playwright.impl.AssertionsBase.expectImpl(AssertionsBase.java:74)
	at com.microsoft.playwright.impl.AssertionsBase.expectImpl(AssertionsBase.java:50)
	at com.microsoft.playwright.impl.AssertionsBase.expectImpl(AssertionsBase.java:42)
	at com.microsoft.playwright.impl.LocatorAssertionsImpl.containsText(LocatorAssertionsImpl.java:76)
	at com.microsoft.playwright.assertions.LocatorAssertions.containsText(LocatorAssertions.java:1096)
	at com.project.actions.ValidationActionHelper.verifyTitleOfThePage(ValidationActionHelper.java:11)
	at com.project.stepdefinitions.CoursesStepDefinitions.verifyThatTheSignupPageIsDisplayed(CoursesStepDefinitions.java:40)
	at ✽.verify that the signup page is displayed(file:///C:/Users/AbhishekRangaswamy/Documents/Automation/AutomationProject/src/test/resources/Features/Courses.feature:6)
]]></failure>
    <system-out><![CDATA[✅ Browser launched

Scenario: Open the application and verify the signup page is displayed                    # src/test/resources/Features/Courses.feature:4
  Given access the application URL "https://freelance-learn-automation.vercel.app/signup" # com.project.stepdefinitions.CoursesStepDefinitions.accessTheApplicationSignUpURL(java.lang.String)
  Then verify that the signup page is displayed                                           # com.project.stepdefinitions.CoursesStepDefinitions.verifyThatTheSignupPageIsDisplayed()
      org.opentest4j.AssertionFailedError: Locator expected to contain regex: Sign Up
      Received: <element(s) not found>
      
      Call log:
        - Assert "containsText" with timeout 5000ms
        - waiting for locator("//h2[text()='Sign Up']")
      	at com.microsoft.playwright.impl.AssertionsBase.expectImpl(AssertionsBase.java:74)
      	at com.microsoft.playwright.impl.AssertionsBase.expectImpl(AssertionsBase.java:50)
      	at com.microsoft.playwright.impl.AssertionsBase.expectImpl(AssertionsBase.java:42)
      	at com.microsoft.playwright.impl.LocatorAssertionsImpl.containsText(LocatorAssertionsImpl.java:76)
      	at com.microsoft.playwright.assertions.LocatorAssertions.containsText(LocatorAssertions.java:1096)
      	at com.project.actions.ValidationActionHelper.verifyTitleOfThePage(ValidationActionHelper.java:11)
      	at com.project.stepdefinitions.CoursesStepDefinitions.verifyThatTheSignupPageIsDisplayed(CoursesStepDefinitions.java:40)
      	at âœ½.verify that the signup page is displayed(file:///C:/Users/AbhishekRangaswamy/Documents/Automation/AutomationProject/src/test/resources/Features/Courses.feature:6)
]]></system-out>
  </testcase>
  <testcase name="Successful account creation with valid details" classname="Automate Course Navigation and Validation" time="0.034">
    <error message="Error {&#10;  message=&apos;Target page, context or browser has been closed&#10;  name=&apos;TargetClosedError&#10;  stack=&apos;TargetClosedError: Target page, context or browser has been closed&#10;    at DispatcherConnection.dispatch (C:\Users\ABHISH~1\AppData\Local\Temp\playwright-java-9180797281084929694\package\lib\server\dispatchers\dispatcher.js:243:69)&#10;    at transport.onmessage (C:\Users\ABHISH~1\AppData\Local\Temp\playwright-java-9180797281084929694\package\lib\cli\driver.js:53:59)&#10;    at Immediate._onImmediate (C:\Users\ABHISH~1\AppData\Local\Temp\playwright-java-9180797281084929694\package\lib\server\utils\pipeTransport.js:76:16)&#10;    at process.processImmediate (node:internal/timers:485:21)&#10;}" type="com.microsoft.playwright.impl.TargetClosedError"><![CDATA[com.microsoft.playwright.impl.TargetClosedError: 
Error {
  message='Target page, context or browser has been closed
  name='TargetClosedError
  stack='TargetClosedError: Target page, context or browser has been closed
    at DispatcherConnection.dispatch (C:\Users\ABHISH~1\AppData\Local\Temp\playwright-java-9180797281084929694\package\lib\server\dispatchers\dispatcher.js:243:69)
    at transport.onmessage (C:\Users\ABHISH~1\AppData\Local\Temp\playwright-java-9180797281084929694\package\lib\cli\driver.js:53:59)
    at Immediate._onImmediate (C:\Users\ABHISH~1\AppData\Local\Temp\playwright-java-9180797281084929694\package\lib\server\utils\pipeTransport.js:76:16)
    at process.processImmediate (node:internal/timers:485:21)
}
	at com.microsoft.playwright.impl.WaitableResult.get(WaitableResult.java:54)
	at com.microsoft.playwright.impl.ChannelOwner.runUntil(ChannelOwner.java:138)
	at com.microsoft.playwright.impl.Connection.sendMessage(Connection.java:131)
	at com.microsoft.playwright.impl.ChannelOwner.sendMessage(ChannelOwner.java:124)
	at com.microsoft.playwright.impl.FrameImpl.fill(FrameImpl.java:300)
	at com.microsoft.playwright.impl.LocatorImpl.fill(LocatorImpl.java:244)
	at com.microsoft.playwright.Locator.fill(Locator.java:3105)
	at com.project.actions.UtilityActionHelper.fillValueInTextField(UtilityActionHelper.java:9)
	at com.project.stepdefinitions.CoursesStepDefinitions.the_user_provides_a_unique_username(CoursesStepDefinitions.java:55)
	at ✽.the user provides a unique username(file:///C:/Users/AbhishekRangaswamy/Documents/Automation/AutomationProject/src/test/resources/Features/Courses.feature:9)
Caused by: com.microsoft.playwright.impl.TargetClosedError: Error {
  message='Target page, context or browser has been closed
  name='TargetClosedError
  stack='TargetClosedError: Target page, context or browser has been closed
    at DispatcherConnection.dispatch (C:\Users\ABHISH~1\AppData\Local\Temp\playwright-java-9180797281084929694\package\lib\server\dispatchers\dispatcher.js:243:69)
    at transport.onmessage (C:\Users\ABHISH~1\AppData\Local\Temp\playwright-java-9180797281084929694\package\lib\cli\driver.js:53:59)
    at Immediate._onImmediate (C:\Users\ABHISH~1\AppData\Local\Temp\playwright-java-9180797281084929694\package\lib\server\utils\pipeTransport.js:76:16)
    at process.processImmediate (node:internal/timers:485:21)
}
	at com.microsoft.playwright.impl.Connection.dispatch(Connection.java:259)
	at com.microsoft.playwright.impl.Connection.processOneMessage(Connection.java:214)
	at com.microsoft.playwright.impl.ChannelOwner.runUntil(ChannelOwner.java:136)
	... 8 more
]]></error>
    <system-out><![CDATA[
Scenario: Successful account creation with valid details                               # src/test/resources/Features/Courses.feature:8
  Given the user provides a unique username                                            # com.project.stepdefinitions.CoursesStepDefinitions.the_user_provides_a_unique_username()
      com.microsoft.playwright.impl.TargetClosedError: Error {
        message='Target page, context or browser has been closed
        name='TargetClosedError
        stack='TargetClosedError: Target page, context or browser has been closed
          at DispatcherConnection.dispatch (C:\Users\ABHISH~1\AppData\Local\Temp\playwright-java-9180797281084929694\package\lib\server\dispatchers\dispatcher.js:243:69)
          at transport.onmessage (C:\Users\ABHISH~1\AppData\Local\Temp\playwright-java-9180797281084929694\package\lib\cli\driver.js:53:59)
          at Immediate._onImmediate (C:\Users\ABHISH~1\AppData\Local\Temp\playwright-java-9180797281084929694\package\lib\server\utils\pipeTransport.js:76:16)
          at process.processImmediate (node:internal/timers:485:21)
      }
      	at com.microsoft.playwright.impl.WaitableResult.get(WaitableResult.java:54)
      	at com.microsoft.playwright.impl.ChannelOwner.runUntil(ChannelOwner.java:138)
      	at com.microsoft.playwright.impl.Connection.sendMessage(Connection.java:131)
      	at com.microsoft.playwright.impl.ChannelOwner.sendMessage(ChannelOwner.java:124)
      	at com.microsoft.playwright.impl.FrameImpl.fill(FrameImpl.java:300)
      	at com.microsoft.playwright.impl.LocatorImpl.fill(LocatorImpl.java:244)
      	at com.microsoft.playwright.Locator.fill(Locator.java:3105)
      	at com.project.actions.UtilityActionHelper.fillValueInTextField(UtilityActionHelper.java:9)
      	at com.project.stepdefinitions.CoursesStepDefinitions.the_user_provides_a_unique_username(CoursesStepDefinitions.java:55)
      	at âœ½.the user provides a unique username(file:///C:/Users/AbhishekRangaswamy/Documents/Automation/AutomationProject/src/test/resources/Features/Courses.feature:9)
      Caused by: com.microsoft.playwright.impl.TargetClosedError: Error {
        message='Target page, context or browser has been closed
        name='TargetClosedError
        stack='TargetClosedError: Target page, context or browser has been closed
          at DispatcherConnection.dispatch (C:\Users\ABHISH~1\AppData\Local\Temp\playwright-java-9180797281084929694\package\lib\server\dispatchers\dispatcher.js:243:69)
          at transport.onmessage (C:\Users\ABHISH~1\AppData\Local\Temp\playwright-java-9180797281084929694\package\lib\cli\driver.js:53:59)
          at Immediate._onImmediate (C:\Users\ABHISH~1\AppData\Local\Temp\playwright-java-9180797281084929694\package\lib\server\utils\pipeTransport.js:76:16)
          at process.processImmediate (node:internal/timers:485:21)
      }
      	at com.microsoft.playwright.impl.Connection.dispatch(Connection.java:259)
      	at com.microsoft.playwright.impl.Connection.processOneMessage(Connection.java:214)
      	at com.microsoft.playwright.impl.ChannelOwner.runUntil(ChannelOwner.java:136)
      	... 8 more
  And enters a valid email address                                                     # com.project.stepdefinitions.CoursesStepDefinitions.enters_a_valid_email_address()
  And sets a secure password                                                           # com.project.stepdefinitions.CoursesStepDefinitions.sets_a_secure_password()
  And selects "AWS" as the area of interest                                            # com.project.stepdefinitions.CoursesStepDefinitions.selects_as_the_area_of_interest(java.lang.String)
  And ensures the gender "Male" option is chosen                                       # com.project.stepdefinitions.CoursesStepDefinitions.ensures_the_gender_option_is_chosen(java.lang.String)
  And scroll to the bottom of the page                                                 # com.project.stepdefinitions.CoursesStepDefinitions.scroll_to_the_bottom_of_the_page()
  And selects "Karnataka" from the state dropdown                                      # com.project.stepdefinitions.CoursesStepDefinitions.selects_from_the_state_dropdown(java.lang.String)
  And chooses multiple hobbies including "Playing" and "Reading"                       # com.project.stepdefinitions.CoursesStepDefinitions.chooses_multiple_hobbies_including_and(java.lang.String,java.lang.String)
  When the user clicks the signup button                                               # com.project.stepdefinitions.CoursesStepDefinitions.the_user_clicks_the_signup_button()
  Then the system should redirect the user to the login page                           # com.project.stepdefinitions.CoursesStepDefinitions.the_system_should_redirect_the_user_to_the_login_page()
  And a toast success message "Signup successfully, Please login!" should be displayed # com.project.stepdefinitions.CoursesStepDefinitions.a_toast_success_message_should_be_displayed(java.lang.String)
]]></system-out>
  </testcase>
  <testcase name="Login with newly created account" classname="Automate Course Navigation and Validation" time="0.022">
    <error message="Error {&#10;  message=&apos;Target page, context or browser has been closed&#10;  name=&apos;TargetClosedError&#10;  stack=&apos;TargetClosedError: Target page, context or browser has been closed&#10;    at DispatcherConnection.dispatch (C:\Users\ABHISH~1\AppData\Local\Temp\playwright-java-9180797281084929694\package\lib\server\dispatchers\dispatcher.js:243:69)&#10;    at transport.onmessage (C:\Users\ABHISH~1\AppData\Local\Temp\playwright-java-9180797281084929694\package\lib\cli\driver.js:53:59)&#10;    at Immediate._onImmediate (C:\Users\ABHISH~1\AppData\Local\Temp\playwright-java-9180797281084929694\package\lib\server\utils\pipeTransport.js:76:16)&#10;    at process.processImmediate (node:internal/timers:485:21)&#10;}" type="com.microsoft.playwright.impl.TargetClosedError"><![CDATA[com.microsoft.playwright.impl.TargetClosedError: 
Error {
  message='Target page, context or browser has been closed
  name='TargetClosedError
  stack='TargetClosedError: Target page, context or browser has been closed
    at DispatcherConnection.dispatch (C:\Users\ABHISH~1\AppData\Local\Temp\playwright-java-9180797281084929694\package\lib\server\dispatchers\dispatcher.js:243:69)
    at transport.onmessage (C:\Users\ABHISH~1\AppData\Local\Temp\playwright-java-9180797281084929694\package\lib\cli\driver.js:53:59)
    at Immediate._onImmediate (C:\Users\ABHISH~1\AppData\Local\Temp\playwright-java-9180797281084929694\package\lib\server\utils\pipeTransport.js:76:16)
    at process.processImmediate (node:internal/timers:485:21)
}
	at com.microsoft.playwright.impl.WaitableResult.get(WaitableResult.java:54)
	at com.microsoft.playwright.impl.ChannelOwner.runUntil(ChannelOwner.java:138)
	at com.microsoft.playwright.impl.Connection.sendMessage(Connection.java:131)
	at com.microsoft.playwright.impl.ChannelOwner.sendMessage(ChannelOwner.java:124)
	at com.microsoft.playwright.impl.LocatorImpl.expectImpl(LocatorImpl.java:662)
	at com.microsoft.playwright.impl.LocatorImpl.lambda$expect$8(LocatorImpl.java:648)
	at com.microsoft.playwright.impl.ChannelOwner.withTitle(ChannelOwner.java:98)
	at com.microsoft.playwright.impl.LocatorImpl.expect(LocatorImpl.java:648)
	at com.microsoft.playwright.impl.AssertionsBase.expectImpl(AssertionsBase.java:61)
	at com.microsoft.playwright.impl.AssertionsBase.expectImpl(AssertionsBase.java:50)
	at com.microsoft.playwright.impl.AssertionsBase.expectImpl(AssertionsBase.java:42)
	at com.microsoft.playwright.impl.LocatorAssertionsImpl.containsText(LocatorAssertionsImpl.java:76)
	at com.microsoft.playwright.assertions.LocatorAssertions.containsText(LocatorAssertions.java:1096)
	at com.project.actions.ValidationActionHelper.verifyTitleOfThePage(ValidationActionHelper.java:11)
	at com.project.stepdefinitions.CoursesStepDefinitions.the_user_is_on_the_login_page(CoursesStepDefinitions.java:133)
	at ✽.the user is on the login page(file:///C:/Users/AbhishekRangaswamy/Documents/Automation/AutomationProject/src/test/resources/Features/Courses.feature:22)
Caused by: com.microsoft.playwright.impl.TargetClosedError: Error {
  message='Target page, context or browser has been closed
  name='TargetClosedError
  stack='TargetClosedError: Target page, context or browser has been closed
    at DispatcherConnection.dispatch (C:\Users\ABHISH~1\AppData\Local\Temp\playwright-java-9180797281084929694\package\lib\server\dispatchers\dispatcher.js:243:69)
    at transport.onmessage (C:\Users\ABHISH~1\AppData\Local\Temp\playwright-java-9180797281084929694\package\lib\cli\driver.js:53:59)
    at Immediate._onImmediate (C:\Users\ABHISH~1\AppData\Local\Temp\playwright-java-9180797281084929694\package\lib\server\utils\pipeTransport.js:76:16)
    at process.processImmediate (node:internal/timers:485:21)
}
	at com.microsoft.playwright.impl.Connection.dispatch(Connection.java:259)
	at com.microsoft.playwright.impl.Connection.processOneMessage(Connection.java:214)
	at com.microsoft.playwright.impl.ChannelOwner.runUntil(ChannelOwner.java:136)
	... 14 more
]]></error>
    <system-out><![CDATA[
Scenario: Login with newly created account          # src/test/resources/Features/Courses.feature:21
  Given the user is on the login page               # com.project.stepdefinitions.CoursesStepDefinitions.the_user_is_on_the_login_page()
      com.microsoft.playwright.impl.TargetClosedError: Error {
        message='Target page, context or browser has been closed
        name='TargetClosedError
        stack='TargetClosedError: Target page, context or browser has been closed
          at DispatcherConnection.dispatch (C:\Users\ABHISH~1\AppData\Local\Temp\playwright-java-9180797281084929694\package\lib\server\dispatchers\dispatcher.js:243:69)
          at transport.onmessage (C:\Users\ABHISH~1\AppData\Local\Temp\playwright-java-9180797281084929694\package\lib\cli\driver.js:53:59)
          at Immediate._onImmediate (C:\Users\ABHISH~1\AppData\Local\Temp\playwright-java-9180797281084929694\package\lib\server\utils\pipeTransport.js:76:16)
          at process.processImmediate (node:internal/timers:485:21)
      }
      	at com.microsoft.playwright.impl.WaitableResult.get(WaitableResult.java:54)
      	at com.microsoft.playwright.impl.ChannelOwner.runUntil(ChannelOwner.java:138)
      	at com.microsoft.playwright.impl.Connection.sendMessage(Connection.java:131)
      	at com.microsoft.playwright.impl.ChannelOwner.sendMessage(ChannelOwner.java:124)
      	at com.microsoft.playwright.impl.LocatorImpl.expectImpl(LocatorImpl.java:662)
      	at com.microsoft.playwright.impl.LocatorImpl.lambda$expect$8(LocatorImpl.java:648)
      	at com.microsoft.playwright.impl.ChannelOwner.withTitle(ChannelOwner.java:98)
      	at com.microsoft.playwright.impl.LocatorImpl.expect(LocatorImpl.java:648)
      	at com.microsoft.playwright.impl.AssertionsBase.expectImpl(AssertionsBase.java:61)
      	at com.microsoft.playwright.impl.AssertionsBase.expectImpl(AssertionsBase.java:50)
      	at com.microsoft.playwright.impl.AssertionsBase.expectImpl(AssertionsBase.java:42)
      	at com.microsoft.playwright.impl.LocatorAssertionsImpl.containsText(LocatorAssertionsImpl.java:76)
      	at com.microsoft.playwright.assertions.LocatorAssertions.containsText(LocatorAssertions.java:1096)
      	at com.project.actions.ValidationActionHelper.verifyTitleOfThePage(ValidationActionHelper.java:11)
      	at com.project.stepdefinitions.CoursesStepDefinitions.the_user_is_on_the_login_page(CoursesStepDefinitions.java:133)
      	at âœ½.the user is on the login page(file:///C:/Users/AbhishekRangaswamy/Documents/Automation/AutomationProject/src/test/resources/Features/Courses.feature:22)
      Caused by: com.microsoft.playwright.impl.TargetClosedError: Error {
        message='Target page, context or browser has been closed
        name='TargetClosedError
        stack='TargetClosedError: Target page, context or browser has been closed
          at DispatcherConnection.dispatch (C:\Users\ABHISH~1\AppData\Local\Temp\playwright-java-9180797281084929694\package\lib\server\dispatchers\dispatcher.js:243:69)
          at transport.onmessage (C:\Users\ABHISH~1\AppData\Local\Temp\playwright-java-9180797281084929694\package\lib\cli\driver.js:53:59)
          at Immediate._onImmediate (C:\Users\ABHISH~1\AppData\Local\Temp\playwright-java-9180797281084929694\package\lib\server\utils\pipeTransport.js:76:16)
          at process.processImmediate (node:internal/timers:485:21)
      }
      	at com.microsoft.playwright.impl.Connection.dispatch(Connection.java:259)
      	at com.microsoft.playwright.impl.Connection.processOneMessage(Connection.java:214)
      	at com.microsoft.playwright.impl.ChannelOwner.runUntil(ChannelOwner.java:136)
      	... 14 more
  When the user enters the registered email address # com.project.stepdefinitions.CoursesStepDefinitions.the_user_enters_the_registered_email_address()
  And inputs the correct password                   # com.project.stepdefinitions.CoursesStepDefinitions.inputs_the_correct_password()
  And clicks the signin button                      # com.project.stepdefinitions.CoursesStepDefinitions.clicks_the_signin_button()
  Then validate the page displays "Welcome" message # com.project.stepdefinitions.CoursesStepDefinitions.validate_the_page_displays_message(java.lang.String)
]]></system-out>
  </testcase>
</testsuite>