<?xml version="1.0" encoding="UTF-8"?>
<testsuite xmlns:xsi="http://www.w3.org/2001/XMLSchema-instance" xsi:noNamespaceSchemaLocation="https://maven.apache.org/surefire/maven-surefire-plugin/xsd/surefire-test-report-3.0.xsd" version="3.0" name="com.project.runtest.TestRunner" time="30.389" tests="2" errors="0" skipped="0" failures="0">
  <properties>
[...]
</properties>
  <testcase name="Open the application and verify the signup page is displayed" classname="Automate Course Navigation and Validation" time="3.053">
    <system-out><![CDATA[✅ Browser launched

Scenario: Open the application and verify the signup page is displayed                    # src/test/resources/Features/Courses.feature:4
  Given access the application URL "https://freelance-learn-automation.vercel.app/signup" # com.project.stepdefinitions.CoursesStepDefinitions.accessTheApplicationSignUpURL(java.lang.String)
  Then verify that the signup page is displayed                                           # com.project.stepdefinitions.CoursesStepDefinitions.verifyThatTheSignupPageIsDisplayed()
]]></system-out>
  </testcase>
  <testcase name="Successful account creation with valid details" classname="Automate Course Navigation and Validation" time="1.674">
    <system-out><![CDATA[
Scenario: Successful account creation with valid details # src/test/resources/Features/Courses.feature:8
  Given the user provides a unique username              # com.project.stepdefinitions.CoursesStepDefinitions.the_user_provides_a_unique_username()
  And enters a valid email address                       # com.project.stepdefinitions.CoursesStepDefinitions.enters_a_valid_email_address()
  And sets a secure password                             # com.project.stepdefinitions.CoursesStepDefinitions.sets_a_secure_password()
]]></system-out>
  </testcase>
</testsuite>