<?xml version="1.0" encoding="UTF-8"?>
<testng-results ignored="0" total="1" passed="1" failed="0" skipped="0">
  <reporter-output>
  </reporter-output>
  <suite started-at="2026-01-06T22:51:33 IST" name="Suite" finished-at="2026-01-06T22:52:10 IST" duration-ms="36782">
    <groups>
      <group name="cucumber">
        <method signature="AbstractTestNGCucumberTests.runScenario(io.cucumber.testng.PickleWrapper,io.cucumber.testng.FeatureWrapper)[pri:0, instance:com.orangehrm.runners.TestRunner@36ebc363]" name="runScenario" class="io.cucumber.testng.AbstractTestNGCucumberTests"/>
      </group> <!-- cucumber -->
    </groups>
    <test started-at="2026-01-06T22:51:33 IST" name="Test" finished-at="2026-01-06T22:52:10 IST" duration-ms="36782">
      <class name="com.orangehrm.runners.TestRunner">
        <test-method is-config="true" signature="setUpClass(org.testng.ITestContext)[pri:0, instance:com.orangehrm.runners.TestRunner@36ebc363]" started-at="2026-01-06T22:51:33 IST" name="setUpClass" finished-at="2026-01-06T22:51:34 IST" duration-ms="348" status="PASS">
          <params>
            <param index="0">
              <value>
                <![CDATA[org.testng.TestRunner@3f92a84e]]>
              </value>
            </param>
          </params>
          <reporter-output>
          </reporter-output>
        </test-method> <!-- setUpClass -->
        <test-method signature="runScenario(io.cucumber.testng.PickleWrapper,io.cucumber.testng.FeatureWrapper)[pri:0, instance:com.orangehrm.runners.TestRunner@36ebc363]" started-at="2026-01-06T22:51:34 IST" name="runScenario" description="Runs Cucumber Scenarios" data-provider="scenarios" finished-at="2026-01-06T22:52:07 IST" duration-ms="33299" status="PASS">
          <params>
            <param index="0">
              <value>
                <![CDATA["User launches the OrangeHRM login page"]]>
              </value>
            </param>
            <param index="1">
              <value>
                <![CDATA["Login and logout to OrangeHRM application in the web"]]>
              </value>
            </param>
          </params>
          <reporter-output>
          </reporter-output>
        </test-method> <!-- runScenario -->
        <test-method is-config="true" signature="tearDownClass()[pri:0, instance:com.orangehrm.runners.TestRunner@36ebc363]" started-at="2026-01-06T22:52:07 IST" name="tearDownClass" finished-at="2026-01-06T22:52:10 IST" duration-ms="3098" status="PASS">
          <reporter-output>
          </reporter-output>
        </test-method> <!-- tearDownClass -->
      </class> <!-- com.orangehrm.runners.TestRunner -->
    </test> <!-- Test -->
  </suite> <!-- Suite -->
</testng-results>
